<?xml version="1.0" encoding="UTF-8"?>
<testsuite xmlns:xsi="http://www.w3.org/2001/XMLSchema-instance" xsi:noNamespaceSchemaLocation="https://maven.apache.org/surefire/maven-surefire-plugin/xsd/surefire-test-report.xsd" version="3.0.2" name="dev.limlei2.limsToolbox.LimsToolboxApplicationTests" time="2.124" tests="1" errors="0" skipped="0" failures="0">
  <properties>
[...]
</properties>
  <testcase name="contextLoads" classname="dev.limlei2.limsToolbox.LimsToolboxApplicationTests" time="0.477">
    <system-out><![CDATA[22:49:27.380 [main] INFO org.springframework.test.context.support.AnnotationConfigContextLoaderUtils -- Could not detect default configuration classes for test class [dev.limlei2.limsToolbox.LimsToolboxApplicationTests]: LimsToolboxApplicationTests does not declare any static, non-private, non-final, nested classes annotated with @Configuration.
22:49:27.464 [main] INFO org.springframework.boot.test.context.SpringBootTestContextBootstrapper -- Found @SpringBootConfiguration dev.limlei2.limsToolbox.LimsToolboxApplication for test class dev.limlei2.limsToolbox.LimsToolboxApplicationTests

  .   ____          _            __ _ _
 /\\ / ___'_ __ _ _(_)_ __  __ _ \ \ \ \
( ( )\___ | '_ | '_| | '_ \/ _` | \ \ \ \
 \\/  ___)| |_)| | | | | || (_| |  ) ) ) )
  '  |____| .__|_| |_|_| |_\__, | / / / /
 =========|_|==============|___/=/_/_/_/

 :: Spring Boot ::                (v3.4.3)

2025-03-13T22:49:27.721-04:00  INFO 88097 --- [LimsToolbox] [           main] d.l.l.LimsToolboxApplicationTests        : Starting LimsToolboxApplicationTests using Java 23.0.2 with PID 88097 (started by limlei in /Users/limlei/Documents/GitHub/LimsAIToolbox/backend)
2025-03-13T22:49:27.721-04:00  INFO 88097 --- [LimsToolbox] [           main] d.l.l.LimsToolboxApplicationTests        : No active profile set, falling back to 1 default profile: "default"
2025-03-13T22:49:28.884-04:00 ERROR 88097 --- [LimsToolbox] [           main] i.n.r.d.DnsServerAddressStreamProviders  : Unable to load io.netty.resolver.dns.macos.MacOSDnsServerAddressStreamProvider, fallback to system defaults. This may result in incorrect DNS resolutions on MacOS. Check whether you have a dependency on 'io.netty:netty-resolver-dns-native-macos'. Use DEBUG level to see the full stack: java.lang.UnsatisfiedLinkError: failed to load the required native library
2025-03-13T22:49:28.895-04:00  INFO 88097 --- [LimsToolbox] [           main] d.l.l.LimsToolboxApplicationTests        : Started LimsToolboxApplicationTests in 1.336 seconds (process running for 2.024)
]]></system-out>
    <system-err><![CDATA[Mockito is currently self-attaching to enable the inline-mock-maker. This will no longer work in future releases of the JDK. Please add Mockito as an agent to your build what is described in Mockito's documentation: https://javadoc.io/doc/org.mockito/mockito-core/latest/org/mockito/Mockito.html#0.3
WARNING: A Java agent has been loaded dynamically (/Users/limlei/.m2/repository/net/bytebuddy/byte-buddy-agent/1.15.11/byte-buddy-agent-1.15.11.jar)
WARNING: If a serviceability tool is in use, please run with -XX:+EnableDynamicAgentLoading to hide this warning
WARNING: If a serviceability tool is not in use, please run with -Djdk.instrument.traceUsage for more information
WARNING: Dynamic loading of agents will be disallowed by default in a future release
]]></system-err>
  </testcase>
</testsuite>